[11:31:53] [Client thread/INFO]: Setting user: Player732
[11:31:59] [Client thread/INFO]: LWJGL Version: 2.9.1
[11:32:10] [Client thread/INFO]: Reloading ResourceManager: Default, FMLFileResourcePack:Forge Mod Loader, FMLFileResourcePack:Minecraft Forge, FMLFileResourcePack:Arcanum Volumen, FMLFileResourcePack:Rox Core
[11:32:11] [Sound Library Loader/INFO]: Starting up SoundSystem...
[11:32:11] [Thread-9/INFO]: Initializing LWJGL OpenAL
[11:32:11] [Thread-9/INFO]: (The LWJGL binding of OpenAL.  For more information, see http://www.lwjgl.org)
[11:32:13] [Thread-9/INFO]: OpenAL initialized.
[11:32:13] [Sound Library Loader/INFO]: Sound engine started
[11:32:17] [Client thread/INFO]: Created: 512x512 textures-atlas
[11:32:19] [Client thread/INFO]: Reloading ResourceManager: Default, FMLFileResourcePack:Forge Mod Loader, FMLFileResourcePack:Minecraft Forge, FMLFileResourcePack:Arcanum Volumen, FMLFileResourcePack:Rox Core
[11:32:19] [Client thread/INFO]: SoundSystem shutting down...
[11:32:19] [Client thread/WARN]: Author: Paul Lamb, www.paulscode.com
[11:32:19] [Sound Library Loader/INFO]: Starting up SoundSystem...
[11:32:19] [Thread-11/INFO]: Initializing LWJGL OpenAL
[11:32:19] [Thread-11/INFO]: (The LWJGL binding of OpenAL.  For more information, see http://www.lwjgl.org)
[11:32:19] [Thread-11/INFO]: OpenAL initialized.
[11:32:20] [Sound Library Loader/INFO]: Sound engine started
[11:32:24] [Client thread/INFO]: Created: 512x512 textures-atlas
[11:32:28] [Server thread/INFO]: Starting integrated minecraft server version 1.8
[11:32:28] [Server thread/INFO]: Generating keypair
[11:32:29] [Server thread/INFO]: Preparing start region for level 0
[11:32:30] [Server thread/INFO]: Preparing spawn area: 28%
[11:32:32] [Server thread/INFO]: Changing view distance to 12, from 10
[11:32:38] [Server thread/INFO]: Player732[local:E:3f20d99c] logged in with entity id 341 at (62.409652394745365, 72.0, 74.65682373796075)
[11:32:38] [Server thread/INFO]: Player732 joined the game
[11:32:45] [pool-2-thread-1/WARN]: Couldn't look up profile properties for com.mojang.authlib.GameProfile@399b9537[id=23345143-148b-327b-8641-d2091803951a,name=Player732,properties={},legacy=false]
com.mojang.authlib.exceptions.AuthenticationException: The client has sent too many requests within a certain amount of time
	at com.mojang.authlib.yggdrasil.YggdrasilAuthenticationService.makeRequest(YggdrasilAuthenticationService.java:65) ~[YggdrasilAuthenticationService.class:?]
	at com.mojang.authlib.yggdrasil.YggdrasilMinecraftSessionService.fillGameProfile(YggdrasilMinecraftSessionService.java:158) [YggdrasilMinecraftSessionService.class:?]
	at com.mojang.authlib.yggdrasil.YggdrasilMinecraftSessionService$1.load(YggdrasilMinecraftSessionService.java:53) [YggdrasilMinecraftSessionService$1.class:?]
	at com.mojang.authlib.yggdrasil.YggdrasilMinecraftSessionService$1.load(YggdrasilMinecraftSessionService.java:50) [YggdrasilMinecraftSessionService$1.class:?]
	at com.google.common.cache.LocalCache$LoadingValueReference.loadFuture(LocalCache.java:3524) [guava-17.0.jar:?]
	at com.google.common.cache.LocalCache$Segment.loadSync(LocalCache.java:2317) [guava-17.0.jar:?]
	at com.google.common.cache.LocalCache$Segment.lockedGetOrLoad(LocalCache.java:2280) [guava-17.0.jar:?]
	at com.google.common.cache.LocalCache$Segment.get(LocalCache.java:2195) [guava-17.0.jar:?]
	at com.google.common.cache.LocalCache.get(LocalCache.java:3934) [guava-17.0.jar:?]
	at com.google.common.cache.LocalCache.getOrLoad(LocalCache.java:3938) [guava-17.0.jar:?]
	at com.google.common.cache.LocalCache$LocalLoadingCache.get(LocalCache.java:4821) [guava-17.0.jar:?]
	at com.google.common.cache.LocalCache$LocalLoadingCache.getUnchecked(LocalCache.java:4827) [guava-17.0.jar:?]
	at com.mojang.authlib.yggdrasil.YggdrasilMinecraftSessionService.fillProfileProperties(YggdrasilMinecraftSessionService.java:148) [YggdrasilMinecraftSessionService.class:?]
	at net.minecraft.client.resources.SkinManager$3.run(SkinManager.java:138) [SkinManager$3.class:?]
	at java.util.concurrent.Executors$RunnableAdapter.call(Unknown Source) [?:1.8.0_51]
	at java.util.concurrent.FutureTask.run(Unknown Source) [?:1.8.0_51]
	at java.util.concurrent.ThreadPoolExecutor.runWorker(Unknown Source) [?:1.8.0_51]
	at java.util.concurrent.ThreadPoolExecutor$Worker.run(Unknown Source) [?:1.8.0_51]
	at java.lang.Thread.run(Unknown Source) [?:1.8.0_51]
[11:32:52] [Server thread/INFO]: Player732 has just earned the achievement [Taking Inventory]
[11:32:52] [Client thread/INFO]: [CHAT] Player732 has just earned the achievement [Taking Inventory]
[11:32:57] [Server thread/INFO]: [Player732: Set own game mode to Creative Mode]
[11:32:57] [Client thread/INFO]: [CHAT] Your game mode has been updated
[11:33:01] [Chunk Batcher 0/WARN]: Needed to grow BufferBuilder buffer: Old size 524288 bytes, new size 2621440 bytes.
[11:33:10] [Server thread/INFO]: [Player732: Set own game mode to Survival Mode]
[11:33:10] [Client thread/INFO]: [CHAT] Your game mode has been updated
[11:33:16] [Server thread/INFO]: Saving and pausing game...
[11:33:16] [Server thread/INFO]: Saving chunks for level 'Test World'/Overworld
[11:33:16] [Server thread/INFO]: Saving chunks for level 'Test World'/Nether
[11:33:16] [Server thread/INFO]: Saving chunks for level 'Test World'/The End
